<?xml version="1.0" encoding="UTF-8"?>
<!-- Generated by org.testng.reporters.JUnitReportReporter -->
<testsuite hostname="LAPTOP-FS5UPGRD" failures="0" tests="1" name="testcases.Tc_002login" time="25.126" errors="0" timestamp="2023-03-19T18:14:04 IST" skipped="0">
  <testcase classname="testcases.Tc_002login" name="loginvalid" time="25.126"/>
  <system-out/>
</testsuite> <!-- testcases.Tc_002login -->
