<?xml version="1.0" encoding="UTF-8"?>
<!-- Generated by org.testng.reporters.JUnitReportReporter -->
<testsuite hostname="LAPTOP-FS5UPGRD" failures="0" tests="1" name="testcases.TC_001AccountRegistration" time="1.078" errors="0" timestamp="2023-03-20T19:48:43 IST" skipped="0">
  <testcase classname="testcases.TC_001AccountRegistration" name="test_acc_registration" time="1.078"/>
  <system-out/>
</testsuite> <!-- testcases.TC_001AccountRegistration -->
