<?xml version="1.0" encoding="UTF-8"?>
<!-- Generated by org.testng.reporters.JUnitReportReporter -->
<testsuite hostname="LAPTOP-FS5UPGRD" failures="0" tests="5" name="testcases.TC_003ddtLogintest" time="153.959" errors="0" timestamp="2023-03-20T19:53:01 IST" skipped="0">
  <testcase classname="testcases.TC_003ddtLogintest" name="test_login" time="37.066"/>
  <system-out/>
  <testcase classname="testcases.TC_003ddtLogintest" name="test_login" time="34.335"/>
  <system-out/>
  <testcase classname="testcases.TC_003ddtLogintest" name="test_login" time="10.389"/>
  <system-out/>
  <testcase classname="testcases.TC_003ddtLogintest" name="test_login" time="37.789"/>
  <system-out/>
  <testcase classname="testcases.TC_003ddtLogintest" name="test_login" time="34.380"/>
  <system-out/>
</testsuite> <!-- testcases.TC_003ddtLogintest -->
