<?xml version="1.0" encoding="UTF-8"?>
<!-- Generated by org.testng.reporters.JUnitReportReporter -->
<testsuite hostname="LAPTOP-FS5UPGRD" failures="0" tests="1" name="testcases.TC_001AccountRegistration" time="0.792" errors="0" timestamp="2023-03-19T17:51:06 IST" skipped="0">
  <testcase classname="testcases.TC_001AccountRegistration" name="test_acc_registration" time="0.792"/>
  <system-out/>
</testsuite> <!-- testcases.TC_001AccountRegistration -->
