<?xml version="1.0" encoding="UTF-8"?>
<!-- Generated by org.testng.reporters.JUnitReportReporter -->
<testsuite skipped="0" hostname="LAPTOP-FS5UPGRD" name="testcases.TC_001AccountRegistration" tests="1" failures="0" timestamp="2023-03-20T19:58:59 IST" time="1.185" errors="0">
  <testcase name="test_acc_registration" time="1.185" classname="testcases.TC_001AccountRegistration"/>
  <system-out/>
</testsuite> <!-- testcases.TC_001AccountRegistration -->
