<?xml version="1.0" encoding="UTF-8"?>
<!-- Generated by org.testng.reporters.JUnitReportReporter -->
<testsuite skipped="0" hostname="LAPTOP-FS5UPGRD" name="testcases.Tc_002login" tests="1" failures="0" timestamp="2023-03-20T19:58:59 IST" time="26.264" errors="0">
  <testcase name="loginvalid" time="26.264" classname="testcases.Tc_002login"/>
  <system-out/>
</testsuite> <!-- testcases.Tc_002login -->
